<?xml version="1.0" encoding="UTF-8"?>
<!-- Generated by org.testng.reporters.JUnitReportReporter -->
<testsuite hostname="thug-macbook-98347.local" failures="0" tests="1" name="Tests_GET" time="1.915" errors="0" timestamp="2022-12-14T11:18:51 MSK" skipped="0">
  <testcase classname="Tests_GET" name="test_1" time="1.915"/>
  <system-out/>
</testsuite> <!-- Tests_GET -->
