<?xml version="1.0" encoding="UTF-8"?>
<!-- Generated by org.testng.reporters.JUnitReportReporter -->
<testsuite hostname="thug-macbook-98347.local" failures="0" tests="1" name="Tests_POST" time="1.371" errors="0" timestamp="2022-12-14T11:58:13 MSK" skipped="0">
  <testcase classname="Tests_POST" name="test_04_delete" time="1.371"/>
  <system-out/>
</testsuite> <!-- Tests_POST -->
