<?xml version="1.0" encoding="UTF-8"?>
<!-- Generated by org.testng.reporters.JUnitReportReporter -->
<testsuite hostname="thug-macbook-98347.local" failures="0" tests="3" name="backendtests.PutTest" time="0.255" errors="0" timestamp="2023-01-29T17:28:52 MSK" skipped="0">
  <testcase classname="backendtests.PutTest" name="test_02" time="0.001"/>
  <system-out/>
  <testcase classname="backendtests.PutTest" name="testUpdate" time="0.001"/>
  <system-out/>
  <testcase classname="backendtests.PutTest" name="test_01" time="0.253"/>
  <system-out/>
</testsuite> <!-- backendtests.PutTest -->
