<?xml version="1.0" encoding="UTF-8"?>
<!-- Generated by org.testng.reporters.JUnitReportReporter -->
<testsuite hostname="thug-macbook-98347.local" failures="0" tests="1" name="webtests.GoogleTest" time="16.369" errors="0" timestamp="2023-01-29T17:28:52 MSK" skipped="0">
  <testcase classname="webtests.GoogleTest" name="testGoogleSearch" time="16.369"/>
  <system-out/>
</testsuite> <!-- webtests.GoogleTest -->
