<?xml version="1.0" encoding="UTF-8"?>
<!-- Generated by org.testng.reporters.JUnitReportReporter -->
<testsuite hostname="thug-macbook-98347.local" failures="0" tests="4" name="webtests.AdminTabTest" time="25.882" errors="0" timestamp="2023-01-29T17:28:52 MSK" skipped="0">
  <testcase classname="webtests.AdminTabTest" name="testAdminTopbarMenuJobDropdownSizeIs5" time="6.694"/>
  <system-out/>
  <testcase classname="webtests.AdminTabTest" name="testIframe" time="5.762"/>
  <system-out/>
  <testcase classname="webtests.AdminTabTest" name="testAdminTopbarMenuOrganizationDropdownSizeIs3" time="6.290"/>
  <system-out/>
  <testcase classname="webtests.AdminTabTest" name="testAdminTopbarMenuUserManagementDropdownSizeIs1" time="7.136"/>
  <system-out/>
</testsuite> <!-- webtests.AdminTabTest -->
