<?xml version="1.0" encoding="UTF-8"?>
<!-- Generated by org.testng.reporters.JUnitReportReporter -->
<testsuite hostname="thug-macbook-98347.local" failures="0" tests="19" name="backendtests.GetTest" time="7.912" errors="0" timestamp="2023-01-29T17:28:52 MSK" skipped="0">
  <testcase classname="backendtests.GetTest" name="testSingleUserNotFound" time="0.200"/>
  <system-out/>
  <testcase classname="backendtests.GetTest" name="testSingleResourceNotFound" time="0.204"/>
  <system-out/>
  <testcase classname="backendtests.GetTest" name="testSingleResourceNotFound" time="0.206"/>
  <system-out/>
  <testcase classname="backendtests.GetTest" name="testDelayedResponse" time="2.244"/>
  <system-out/>
  <testcase classname="backendtests.GetTest" name="testSingleResourceNotFound" time="0.215"/>
  <system-out/>
  <testcase classname="backendtests.GetTest" name="testSingleResourceNotFound" time="0.216"/>
  <system-out/>
  <testcase classname="backendtests.GetTest" name="testSingleResourceNotFound" time="0.217"/>
  <system-out/>
  <testcase classname="backendtests.GetTest" name="testListUsers" time="0.199"/>
  <system-out/>
  <testcase classname="backendtests.GetTest" name="testSingleResourceNotFound" time="0.220"/>
  <system-out/>
  <testcase classname="backendtests.GetTest" name="testDataId0OnPage2Is7" time="0.235"/>
  <system-out/>
  <testcase classname="backendtests.GetTest" name="testSingleUser" time="0.250"/>
  <system-out/>
  <testcase classname="backendtests.GetTest" name="testListResource" time="0.286"/>
  <system-out/>
  <testcase classname="backendtests.GetTest" name="testSingleResourceNotFound" time="0.215"/>
  <system-out/>
  <testcase classname="backendtests.GetTest" name="testSingleResourceNotFound" time="0.219"/>
  <system-out/>
  <testcase classname="backendtests.GetTest" name="testDataFirstNameHasMichaelAndLindsay" time="1.896"/>
  <system-out/>
  <testcase classname="backendtests.GetTest" name="testSingleResourceNotFound" time="0.211"/>
  <system-out/>
  <testcase classname="backendtests.GetTest" name="testSingleResourceNotFound" time="0.218"/>
  <system-out/>
  <testcase classname="backendtests.GetTest" name="testDataId1Is8" time="0.201"/>
  <system-out/>
  <testcase classname="backendtests.GetTest" name="testSingleResource" time="0.260"/>
  <system-out/>
</testsuite> <!-- backendtests.GetTest -->
