<?xml version="1.0" encoding="UTF-8"?>
<!-- Generated by org.testng.reporters.JUnitReportReporter -->
<testsuite hostname="thug-macbook-98347.local" failures="0" tests="3" name="databasetests.JOINTest" time="0.090" errors="0" timestamp="2023-01-29T17:28:52 MSK" skipped="0">
  <testcase classname="databasetests.JOINTest" name="testNumberOfStoresInThailandIs3" time="0.003"/>
  <system-out/>
  <testcase classname="databasetests.JOINTest" name="testRentalIdPaymentSumIs12_95" time="0.028"/>
  <system-out/>
  <testcase classname="databasetests.JOINTest" name="testNumberOfActiveCustomersFromWestBengaliIsEqualTo8" time="0.059"/>
  <system-out/>
</testsuite> <!-- databasetests.JOINTest -->
