<?xml version="1.0" encoding="UTF-8"?>
<!-- Generated by org.testng.reporters.JUnitReportReporter -->
<testsuite hostname="thug-macbook-98347.local" failures="0" tests="13" name="backendtests.PostTest" time="1.223" errors="0" timestamp="2023-01-29T17:28:52 MSK" skipped="0">
  <testcase classname="backendtests.PostTest" name="test_5" time="0.001"/>
  <system-out/>
  <testcase classname="backendtests.PostTest" name="test_2" time="0.001"/>
  <system-out/>
  <testcase classname="backendtests.PostTest" name="testLoginUnsuccessful" time="0.001"/>
  <system-out/>
  <testcase classname="backendtests.PostTest" name="test_3" time="0.001"/>
  <system-out/>
  <testcase classname="backendtests.PostTest" name="testCreate" time="0.001"/>
  <system-out/>
  <testcase classname="backendtests.PostTest" name="testRegisterUnsuccessful" time="0.001"/>
  <system-out/>
  <testcase classname="backendtests.PostTest" name="test_01_post" time="0.208"/>
  <system-out/>
  <testcase classname="backendtests.PostTest" name="testRegisterSuccessful" time="0.001"/>
  <system-out/>
  <testcase classname="backendtests.PostTest" name="test_4" time="0.001"/>
  <system-out/>
  <testcase classname="backendtests.PostTest" name="test_01_post" time="0.267"/>
  <system-out/>
  <testcase classname="backendtests.PostTest" name="test_01_post" time="0.531"/>
  <system-out/>
  <testcase classname="backendtests.PostTest" name="test_01_post" time="0.208"/>
  <system-out/>
  <testcase classname="backendtests.PostTest" name="testLoginSuccessful" time="0.001"/>
  <system-out/>
</testsuite> <!-- backendtests.PostTest -->
