<?xml version="1.0" encoding="UTF-8"?>
<!-- Generated by org.testng.reporters.JUnitReportReporter -->
<testsuite hostname="thug-macbook-98347.local" failures="0" tests="6" name="webtests.LoginTest" time="50.791" errors="0" timestamp="2023-01-29T17:28:52 MSK" skipped="0">
  <testcase classname="webtests.LoginTest" name="testLogin" time="4.666"/>
  <system-out/>
  <testcase classname="webtests.LoginTest" name="testResetPassword" time="5.916"/>
  <system-out/>
  <testcase classname="webtests.LoginTest" name="testLoginNoInput" time="3.982"/>
  <system-out/>
  <testcase classname="webtests.LoginTest" name="testResetPasswordNoInput" time="4.406"/>
  <system-out/>
  <testcase classname="webtests.LoginTest" name="testResetPasswordCancelButton" time="4.426"/>
  <system-out/>
  <testcase classname="webtests.LoginTest" name="testYouTubeLink" time="27.395"/>
  <system-out/>
</testsuite> <!-- webtests.LoginTest -->
